Using pre-set license

 COMMAND LINE ARGUMENTS:
/Applications/Unity/Unity.app/Contents/MacOS/Unity
-adb2
-batchMode
-noUpm
-name
AssetImportWorker0
-projectPath
/Users/matheuscohen/Documents/GitHub/Asteroids
-logFile
Logs/AssetImportWorker0.log
-srvPort
62777
Successfully changed project path to: /Users/matheuscohen/Documents/GitHub/Asteroids
/Users/matheuscohen/Documents/GitHub/Asteroids
Using Asset Import Pipeline V2.
Refreshing native plugins compatible for Editor in 63.10 ms, found 3 plugins.
Preloading 0 native plugins for Editor in 0.00 ms.
Initialize engine version: 2020.3.11f1 (99c7afb366b3)
[Subsystems] Discovering subsystems at path /Applications/Unity/Unity.app/Contents/Resources/UnitySubsystems
[Subsystems] Discovering subsystems at path /Users/matheuscohen/Documents/GitHub/Asteroids/Assets
GfxDevice: creating device client; threaded=0
2021-06-18 19:50:43.867 Unity[11196:328538] Color LCD preferred device: Intel(R) Iris(TM) Plus Graphics 640 (low power)
2021-06-18 19:50:43.867 Unity[11196:328538] Metal devices available: 1
2021-06-18 19:50:43.867 Unity[11196:328538] 0: Intel(R) Iris(TM) Plus Graphics 640 (low power)
2021-06-18 19:50:43.868 Unity[11196:328538] Using device Intel(R) Iris(TM) Plus Graphics 640 (low power)
Initializing Metal device caps: Intel(R) Iris(TM) Plus Graphics 640
Initialize mono
Mono path[0] = '/Applications/Unity/Unity.app/Contents/Managed'
Mono path[1] = '/Applications/Unity/Unity.app/Contents/MonoBleedingEdge/lib/mono/unityjit'
Mono config path = '/Applications/Unity/Unity.app/Contents/MonoBleedingEdge/etc'
Using monoOptions --debugger-agent=transport=dt_socket,embedding=1,server=y,suspend=n,address=127.0.0.1:56196
Begin MonoManager ReloadAssembly
Registering precompiled unity dll's ...
Register platform support module: /Applications/Unity/Unity.app/Contents/PlaybackEngines/MacStandaloneSupport/UnityEditor.OSXStandalone.Extensions.dll
Register platform support module: /Applications/Unity/PlaybackEngines/WindowsStandaloneSupport/UnityEditor.WindowsStandalone.Extensions.dll
Registered in 0.000698 seconds.
Native extension for WindowsStandalone target not found
Native extension for OSXStandalone target not found
Refreshing native plugins compatible for Editor in 43.66 ms, found 3 plugins.
Preloading 0 native plugins for Editor in 0.00 ms.
Mono: successfully reloaded assembly
- Completed reload, in  2.746 seconds
Platform modules already initialized, skipping
Registering precompiled user dll's ...
Registered in 0.003043 seconds.
Begin MonoManager ReloadAssembly
Native extension for WindowsStandalone target not found
Native extension for OSXStandalone target not found
Refreshing native plugins compatible for Editor in 54.38 ms, found 3 plugins.
Preloading 0 native plugins for Editor in 0.00 ms.
Mono: successfully reloaded assembly
- Completed reload, in  1.522 seconds
Platform modules already initialized, skipping
========================================================================
Worker process is ready to serve import requests
Launching external process: /Applications/Unity/Unity.app/Contents/Tools/UnityShaderCompiler
Launched and connected shader compiler UnityShaderCompiler after 0.01 seconds
Refreshing native plugins compatible for Editor in 0.60 ms, found 3 plugins.
Preloading 0 native plugins for Editor in 0.00 ms.
Unloading 2081 Unused Serialized files (Serialized files now loaded: 0)
System memory in use before: 168.8 MB.
System memory in use after: 168.8 MB.

Unloading 33 unused Assets to reduce memory usage. Loaded Objects now: 2514.
Total: 3.558708 ms (FindLiveObjects: 0.262567 ms CreateObjectMapping: 0.130375 ms MarkObjects: 2.984901 ms  DeleteObjects: 0.179506 ms)

========================================================================
Received Import Request.
  path: Assets/PlayArea.cs
  artifactKey: Guid(0f6f9c799a17e459087e1bd42aa1394b) Importer(815301076,1909f56bfc062723c751e8b465ee728b)
Start importing Assets/PlayArea.cs using Guid(0f6f9c799a17e459087e1bd42aa1394b) Importer(815301076,1909f56bfc062723c751e8b465ee728b)  -> (artifact id: '4805f3d5a941232076fb756e16478bf5') in 4.130060 seconds
  Import took 4.134628 seconds .

========================================================================
Received Prepare
Registering precompiled user dll's ...
Registered in 0.003324 seconds.
Begin MonoManager ReloadAssembly
Native extension for WindowsStandalone target not found
Native extension for OSXStandalone target not found
Refreshing native plugins compatible for Editor in 0.49 ms, found 3 plugins.
Preloading 0 native plugins for Editor in 0.00 ms.
Mono: successfully reloaded assembly
- Completed reload, in  1.488 seconds
Platform modules already initialized, skipping
Refreshing native plugins compatible for Editor in 0.55 ms, found 3 plugins.
Preloading 0 native plugins for Editor in 0.00 ms.
Unloading 2076 Unused Serialized files (Serialized files now loaded: 0)
System memory in use before: 173.4 MB.
System memory in use after: 173.4 MB.

Unloading 21 unused Assets to reduce memory usage. Loaded Objects now: 2518.
Total: 2.274992 ms (FindLiveObjects: 0.227129 ms CreateObjectMapping: 0.087227 ms MarkObjects: 1.858718 ms  DeleteObjects: 0.101163 ms)

========================================================================
Received Prepare
Registering precompiled user dll's ...
Registered in 0.005480 seconds.
Begin MonoManager ReloadAssembly
Native extension for WindowsStandalone target not found
Native extension for OSXStandalone target not found
Refreshing native plugins compatible for Editor in 0.53 ms, found 3 plugins.
Preloading 0 native plugins for Editor in 0.00 ms.
Mono: successfully reloaded assembly
- Completed reload, in  1.280 seconds
Platform modules already initialized, skipping
Refreshing native plugins compatible for Editor in 0.51 ms, found 3 plugins.
Preloading 0 native plugins for Editor in 0.00 ms.
Unloading 2076 Unused Serialized files (Serialized files now loaded: 0)
System memory in use before: 173.6 MB.
System memory in use after: 173.6 MB.

Unloading 21 unused Assets to reduce memory usage. Loaded Objects now: 2522.
Total: 2.888992 ms (FindLiveObjects: 0.274056 ms CreateObjectMapping: 0.087510 ms MarkObjects: 2.414729 ms  DeleteObjects: 0.111596 ms)

========================================================================
Received Import Request.
  Time since last request: 238.021584 seconds.
  path: Assets/Testing.cs
  artifactKey: Guid(b1d8dc8bd4aed49ae894aeaafb3e7430) Importer(815301076,1909f56bfc062723c751e8b465ee728b)
Start importing Assets/Testing.cs using Guid(b1d8dc8bd4aed49ae894aeaafb3e7430) Importer(815301076,1909f56bfc062723c751e8b465ee728b)  -> (artifact id: '287168b3640eca0524e4ff5a8497defd') in 0.014945 seconds
  Import took 0.019699 seconds .

========================================================================
Received Prepare
Registering precompiled user dll's ...
Registered in 0.005138 seconds.
Begin MonoManager ReloadAssembly
Native extension for WindowsStandalone target not found
Native extension for OSXStandalone target not found
Refreshing native plugins compatible for Editor in 0.48 ms, found 3 plugins.
Preloading 0 native plugins for Editor in 0.00 ms.
Mono: successfully reloaded assembly
- Completed reload, in  1.238 seconds
Platform modules already initialized, skipping
Refreshing native plugins compatible for Editor in 0.52 ms, found 3 plugins.
Preloading 0 native plugins for Editor in 0.00 ms.
Unloading 2077 Unused Serialized files (Serialized files now loaded: 0)
System memory in use before: 173.9 MB.
System memory in use after: 173.9 MB.

Unloading 21 unused Assets to reduce memory usage. Loaded Objects now: 2527.
Total: 2.308959 ms (FindLiveObjects: 0.215600 ms CreateObjectMapping: 0.086067 ms MarkObjects: 1.902536 ms  DeleteObjects: 0.103908 ms)

========================================================================
Received Import Request.
  Time since last request: 37.775908 seconds.
  path: Assets/Testing.cs
  artifactKey: Guid(b1d8dc8bd4aed49ae894aeaafb3e7430) Importer(815301076,1909f56bfc062723c751e8b465ee728b)
Start importing Assets/Testing.cs using Guid(b1d8dc8bd4aed49ae894aeaafb3e7430) Importer(815301076,1909f56bfc062723c751e8b465ee728b)  -> (artifact id: '27e5727d6318088272064e72e003a277') in 0.005069 seconds
  Import took 0.011083 seconds .

========================================================================
Received Prepare
Registering precompiled user dll's ...
Registered in 0.005418 seconds.
Begin MonoManager ReloadAssembly
Native extension for WindowsStandalone target not found
Native extension for OSXStandalone target not found
Refreshing native plugins compatible for Editor in 0.46 ms, found 3 plugins.
Preloading 0 native plugins for Editor in 0.00 ms.
Mono: successfully reloaded assembly
- Completed reload, in  1.563 seconds
Platform modules already initialized, skipping
Refreshing native plugins compatible for Editor in 0.55 ms, found 3 plugins.
Preloading 0 native plugins for Editor in 0.00 ms.
Unloading 2077 Unused Serialized files (Serialized files now loaded: 0)
System memory in use before: 174.1 MB.
System memory in use after: 174.1 MB.

Unloading 21 unused Assets to reduce memory usage. Loaded Objects now: 2531.
Total: 2.462948 ms (FindLiveObjects: 0.228796 ms CreateObjectMapping: 0.088866 ms MarkObjects: 2.031881 ms  DeleteObjects: 0.112420 ms)

========================================================================
Received Prepare
Registering precompiled user dll's ...
Registered in 0.003919 seconds.
Begin MonoManager ReloadAssembly
Native extension for WindowsStandalone target not found
Native extension for OSXStandalone target not found
Refreshing native plugins compatible for Editor in 0.46 ms, found 3 plugins.
Preloading 0 native plugins for Editor in 0.00 ms.
Mono: successfully reloaded assembly
- Completed reload, in  1.298 seconds
Platform modules already initialized, skipping
Refreshing native plugins compatible for Editor in 0.55 ms, found 3 plugins.
Preloading 0 native plugins for Editor in 0.00 ms.
Unloading 2077 Unused Serialized files (Serialized files now loaded: 0)
System memory in use before: 174.3 MB.
System memory in use after: 174.3 MB.

Unloading 21 unused Assets to reduce memory usage. Loaded Objects now: 2535.
Total: 2.250431 ms (FindLiveObjects: 0.222744 ms CreateObjectMapping: 0.088523 ms MarkObjects: 1.830516 ms  DeleteObjects: 0.107747 ms)

========================================================================
Received Import Request.
  Time since last request: 370.276156 seconds.
  path: Assets/Ship.cs
  artifactKey: Guid(639d4c704ae8f4966b3fdd181038f087) Importer(815301076,1909f56bfc062723c751e8b465ee728b)
Start importing Assets/Ship.cs using Guid(639d4c704ae8f4966b3fdd181038f087) Importer(815301076,1909f56bfc062723c751e8b465ee728b)  -> (artifact id: '7679e8abbe86cba269db677dd046121e') in 0.013658 seconds
  Import took 0.018890 seconds .

========================================================================
Received Import Request.
  Time since last request: 0.002232 seconds.
  path: Assets/Ship.cs
  artifactKey: Guid(639d4c704ae8f4966b3fdd181038f087) Importer(815301076,1909f56bfc062723c751e8b465ee728b)
Start importing Assets/Ship.cs using Guid(639d4c704ae8f4966b3fdd181038f087) Importer(815301076,1909f56bfc062723c751e8b465ee728b)  -> (artifact id: '7679e8abbe86cba269db677dd046121e') in 0.003462 seconds
  Import took 0.009364 seconds .

========================================================================
Received Prepare
Registering precompiled user dll's ...
Registered in 0.004736 seconds.
Begin MonoManager ReloadAssembly
Native extension for WindowsStandalone target not found
Native extension for OSXStandalone target not found
Refreshing native plugins compatible for Editor in 0.53 ms, found 3 plugins.
Preloading 0 native plugins for Editor in 0.00 ms.
Mono: successfully reloaded assembly
- Completed reload, in  1.461 seconds
Platform modules already initialized, skipping
Refreshing native plugins compatible for Editor in 0.55 ms, found 3 plugins.
Preloading 0 native plugins for Editor in 0.00 ms.
Unloading 2078 Unused Serialized files (Serialized files now loaded: 0)
System memory in use before: 174.9 MB.
System memory in use after: 174.8 MB.

Unloading 21 unused Assets to reduce memory usage. Loaded Objects now: 2540.
Total: 6.729121 ms (FindLiveObjects: 1.557631 ms CreateObjectMapping: 0.221462 ms MarkObjects: 4.700104 ms  DeleteObjects: 0.247563 ms)

========================================================================
Received Prepare
Registering precompiled user dll's ...
Registered in 0.004230 seconds.
Begin MonoManager ReloadAssembly
Native extension for WindowsStandalone target not found
Native extension for OSXStandalone target not found
Refreshing native plugins compatible for Editor in 0.49 ms, found 3 plugins.
Preloading 0 native plugins for Editor in 0.00 ms.
Mono: successfully reloaded assembly
- Completed reload, in  1.448 seconds
Platform modules already initialized, skipping
Refreshing native plugins compatible for Editor in 0.55 ms, found 3 plugins.
Preloading 0 native plugins for Editor in 0.00 ms.
Unloading 2078 Unused Serialized files (Serialized files now loaded: 0)
System memory in use before: 175.1 MB.
System memory in use after: 175.1 MB.

Unloading 21 unused Assets to reduce memory usage. Loaded Objects now: 2544.
Total: 2.631135 ms (FindLiveObjects: 0.346044 ms CreateObjectMapping: 0.161464 ms MarkObjects: 1.981988 ms  DeleteObjects: 0.140672 ms)

========================================================================
Received Prepare
Registering precompiled user dll's ...
Registered in 0.005491 seconds.
Begin MonoManager ReloadAssembly
Native extension for WindowsStandalone target not found
Native extension for OSXStandalone target not found
Refreshing native plugins compatible for Editor in 0.57 ms, found 3 plugins.
Preloading 0 native plugins for Editor in 0.00 ms.
Mono: successfully reloaded assembly
- Completed reload, in  1.632 seconds
Platform modules already initialized, skipping
Refreshing native plugins compatible for Editor in 0.48 ms, found 3 plugins.
Preloading 0 native plugins for Editor in 0.00 ms.
Unloading 2078 Unused Serialized files (Serialized files now loaded: 0)
System memory in use before: 175.3 MB.
System memory in use after: 175.3 MB.

Unloading 21 unused Assets to reduce memory usage. Loaded Objects now: 2548.
Total: 2.925614 ms (FindLiveObjects: 0.335671 ms CreateObjectMapping: 0.121305 ms MarkObjects: 2.348543 ms  DeleteObjects: 0.118221 ms)

========================================================================
Received Prepare
Registering precompiled user dll's ...
Registered in 0.004654 seconds.
Begin MonoManager ReloadAssembly
Native extension for WindowsStandalone target not found
Native extension for OSXStandalone target not found
Refreshing native plugins compatible for Editor in 0.48 ms, found 3 plugins.
Preloading 0 native plugins for Editor in 0.00 ms.
Mono: successfully reloaded assembly
- Completed reload, in  1.246 seconds
Platform modules already initialized, skipping
Refreshing native plugins compatible for Editor in 0.52 ms, found 3 plugins.
Preloading 0 native plugins for Editor in 0.00 ms.
Unloading 2078 Unused Serialized files (Serialized files now loaded: 0)
System memory in use before: 175.5 MB.
System memory in use after: 175.5 MB.

Unloading 21 unused Assets to reduce memory usage. Loaded Objects now: 2552.
Total: 2.326407 ms (FindLiveObjects: 0.224022 ms CreateObjectMapping: 0.083533 ms MarkObjects: 1.895162 ms  DeleteObjects: 0.122756 ms)

========================================================================
Received Prepare
Registering precompiled user dll's ...
Registered in 0.001914 seconds.
Begin MonoManager ReloadAssembly
Native extension for WindowsStandalone target not found
Native extension for OSXStandalone target not found
Refreshing native plugins compatible for Editor in 0.49 ms, found 3 plugins.
Preloading 0 native plugins for Editor in 0.00 ms.
Mono: successfully reloaded assembly
- Completed reload, in  1.343 seconds
Platform modules already initialized, skipping
Refreshing native plugins compatible for Editor in 0.72 ms, found 3 plugins.
Preloading 0 native plugins for Editor in 0.00 ms.
Unloading 2078 Unused Serialized files (Serialized files now loaded: 0)
System memory in use before: 175.7 MB.
System memory in use after: 175.7 MB.

Unloading 21 unused Assets to reduce memory usage. Loaded Objects now: 2556.
Total: 2.384736 ms (FindLiveObjects: 0.199532 ms CreateObjectMapping: 0.073265 ms MarkObjects: 1.934942 ms  DeleteObjects: 0.176268 ms)

========================================================================
Received Prepare
Registering precompiled user dll's ...
Registered in 0.001903 seconds.
Begin MonoManager ReloadAssembly
Native extension for WindowsStandalone target not found
Native extension for OSXStandalone target not found
Refreshing native plugins compatible for Editor in 0.49 ms, found 3 plugins.
Preloading 0 native plugins for Editor in 0.00 ms.
Mono: successfully reloaded assembly
- Completed reload, in  1.357 seconds
Platform modules already initialized, skipping
Refreshing native plugins compatible for Editor in 0.47 ms, found 3 plugins.
Preloading 0 native plugins for Editor in 0.00 ms.
Unloading 2078 Unused Serialized files (Serialized files now loaded: 0)
System memory in use before: 175.9 MB.
System memory in use after: 175.9 MB.

Unloading 21 unused Assets to reduce memory usage. Loaded Objects now: 2560.
Total: 2.429289 ms (FindLiveObjects: 0.247409 ms CreateObjectMapping: 0.087338 ms MarkObjects: 1.934479 ms  DeleteObjects: 0.159164 ms)

========================================================================
Received Prepare
Registering precompiled user dll's ...
Registered in 0.002141 seconds.
Begin MonoManager ReloadAssembly
Native extension for WindowsStandalone target not found
Native extension for OSXStandalone target not found
Refreshing native plugins compatible for Editor in 0.58 ms, found 3 plugins.
Preloading 0 native plugins for Editor in 0.00 ms.
Mono: successfully reloaded assembly
- Completed reload, in  1.580 seconds
Platform modules already initialized, skipping
Refreshing native plugins compatible for Editor in 0.56 ms, found 3 plugins.
Preloading 0 native plugins for Editor in 0.00 ms.
Unloading 2078 Unused Serialized files (Serialized files now loaded: 0)
System memory in use before: 176.1 MB.
System memory in use after: 176.1 MB.

Unloading 21 unused Assets to reduce memory usage. Loaded Objects now: 2564.
Total: 2.743672 ms (FindLiveObjects: 0.193692 ms CreateObjectMapping: 0.067271 ms MarkObjects: 2.362007 ms  DeleteObjects: 0.119548 ms)

========================================================================
Received Prepare
Registering precompiled user dll's ...
Registered in 0.003149 seconds.
Begin MonoManager ReloadAssembly
Native extension for WindowsStandalone target not found
Native extension for OSXStandalone target not found
Refreshing native plugins compatible for Editor in 0.47 ms, found 3 plugins.
Preloading 0 native plugins for Editor in 0.00 ms.
Mono: successfully reloaded assembly
- Completed reload, in  1.322 seconds
Platform modules already initialized, skipping
Refreshing native plugins compatible for Editor in 0.46 ms, found 3 plugins.
Preloading 0 native plugins for Editor in 0.00 ms.
Unloading 2078 Unused Serialized files (Serialized files now loaded: 0)
System memory in use before: 176.3 MB.
System memory in use after: 176.3 MB.

Unloading 21 unused Assets to reduce memory usage. Loaded Objects now: 2568.
Total: 2.271372 ms (FindLiveObjects: 0.223227 ms CreateObjectMapping: 0.082111 ms MarkObjects: 1.858823 ms  DeleteObjects: 0.106353 ms)

========================================================================
Received Prepare
Registering precompiled user dll's ...
Registered in 0.001936 seconds.
Begin MonoManager ReloadAssembly
Native extension for WindowsStandalone target not found
Native extension for OSXStandalone target not found
Refreshing native plugins compatible for Editor in 0.63 ms, found 3 plugins.
Preloading 0 native plugins for Editor in 0.00 ms.
Mono: successfully reloaded assembly
- Completed reload, in  1.328 seconds
Platform modules already initialized, skipping
Refreshing native plugins compatible for Editor in 0.41 ms, found 3 plugins.
Preloading 0 native plugins for Editor in 0.00 ms.
Unloading 2078 Unused Serialized files (Serialized files now loaded: 0)
System memory in use before: 176.5 MB.
System memory in use after: 176.5 MB.

Unloading 21 unused Assets to reduce memory usage. Loaded Objects now: 2572.
Total: 2.662579 ms (FindLiveObjects: 0.426935 ms CreateObjectMapping: 0.157228 ms MarkObjects: 1.957134 ms  DeleteObjects: 0.120154 ms)

========================================================================
Received Prepare
Registering precompiled user dll's ...
Registered in 0.002889 seconds.
Begin MonoManager ReloadAssembly
Native extension for WindowsStandalone target not found
Native extension for OSXStandalone target not found
Refreshing native plugins compatible for Editor in 0.50 ms, found 3 plugins.
Preloading 0 native plugins for Editor in 0.00 ms.
Mono: successfully reloaded assembly
- Completed reload, in  1.265 seconds
Platform modules already initialized, skipping
Refreshing native plugins compatible for Editor in 0.43 ms, found 3 plugins.
Preloading 0 native plugins for Editor in 0.00 ms.
Unloading 2078 Unused Serialized files (Serialized files now loaded: 0)
System memory in use before: 176.7 MB.
System memory in use after: 176.7 MB.

Unloading 21 unused Assets to reduce memory usage. Loaded Objects now: 2576.
Total: 2.543739 ms (FindLiveObjects: 0.225486 ms CreateObjectMapping: 0.081579 ms MarkObjects: 2.117951 ms  DeleteObjects: 0.117604 ms)

========================================================================
Received Prepare
Registering precompiled user dll's ...
Registered in 0.002695 seconds.
Begin MonoManager ReloadAssembly
Native extension for WindowsStandalone target not found
Native extension for OSXStandalone target not found
Refreshing native plugins compatible for Editor in 0.50 ms, found 3 plugins.
Preloading 0 native plugins for Editor in 0.00 ms.
Mono: successfully reloaded assembly
- Completed reload, in  1.335 seconds
Platform modules already initialized, skipping
Refreshing native plugins compatible for Editor in 0.48 ms, found 3 plugins.
Preloading 0 native plugins for Editor in 0.00 ms.
Unloading 2078 Unused Serialized files (Serialized files now loaded: 0)
System memory in use before: 176.9 MB.
System memory in use after: 176.9 MB.

Unloading 21 unused Assets to reduce memory usage. Loaded Objects now: 2580.
Total: 2.654935 ms (FindLiveObjects: 0.318676 ms CreateObjectMapping: 0.099544 ms MarkObjects: 2.133294 ms  DeleteObjects: 0.102432 ms)

========================================================================
Received Prepare
Registering precompiled user dll's ...
Registered in 0.002498 seconds.
Begin MonoManager ReloadAssembly
Native extension for WindowsStandalone target not found
Native extension for OSXStandalone target not found
Refreshing native plugins compatible for Editor in 0.50 ms, found 3 plugins.
Preloading 0 native plugins for Editor in 0.00 ms.
Mono: successfully reloaded assembly
- Completed reload, in  1.297 seconds
Platform modules already initialized, skipping
Refreshing native plugins compatible for Editor in 0.44 ms, found 3 plugins.
Preloading 0 native plugins for Editor in 0.00 ms.
Unloading 2078 Unused Serialized files (Serialized files now loaded: 0)
System memory in use before: 177.1 MB.
System memory in use after: 177.1 MB.

Unloading 21 unused Assets to reduce memory usage. Loaded Objects now: 2584.
Total: 2.349388 ms (FindLiveObjects: 0.223479 ms CreateObjectMapping: 0.081133 ms MarkObjects: 1.921408 ms  DeleteObjects: 0.122479 ms)

========================================================================
Received Prepare
Registering precompiled user dll's ...
Registered in 0.002778 seconds.
Begin MonoManager ReloadAssembly
Native extension for WindowsStandalone target not found
Native extension for OSXStandalone target not found
Refreshing native plugins compatible for Editor in 1.10 ms, found 3 plugins.
Preloading 0 native plugins for Editor in 0.00 ms.
Mono: successfully reloaded assembly
- Completed reload, in  1.351 seconds
Platform modules already initialized, skipping
Refreshing native plugins compatible for Editor in 0.40 ms, found 3 plugins.
Preloading 0 native plugins for Editor in 0.00 ms.
Unloading 2078 Unused Serialized files (Serialized files now loaded: 0)
System memory in use before: 177.3 MB.
System memory in use after: 177.3 MB.

Unloading 21 unused Assets to reduce memory usage. Loaded Objects now: 2588.
Total: 2.369720 ms (FindLiveObjects: 0.218604 ms CreateObjectMapping: 0.076928 ms MarkObjects: 1.948139 ms  DeleteObjects: 0.125052 ms)

========================================================================
Received Prepare
Registering precompiled user dll's ...
Registered in 0.007570 seconds.
Begin MonoManager ReloadAssembly
Native extension for WindowsStandalone target not found
Native extension for OSXStandalone target not found
Refreshing native plugins compatible for Editor in 0.53 ms, found 3 plugins.
Preloading 0 native plugins for Editor in 0.00 ms.
Mono: successfully reloaded assembly
- Completed reload, in  1.354 seconds
Platform modules already initialized, skipping
Refreshing native plugins compatible for Editor in 0.46 ms, found 3 plugins.
Preloading 0 native plugins for Editor in 0.00 ms.
Unloading 2078 Unused Serialized files (Serialized files now loaded: 0)
System memory in use before: 177.5 MB.
System memory in use after: 177.5 MB.

Unloading 21 unused Assets to reduce memory usage. Loaded Objects now: 2592.
Total: 3.540613 ms (FindLiveObjects: 0.621712 ms CreateObjectMapping: 0.235676 ms MarkObjects: 2.533650 ms  DeleteObjects: 0.148239 ms)

========================================================================
Received Prepare
Registering precompiled user dll's ...
Registered in 0.001957 seconds.
Begin MonoManager ReloadAssembly
Native extension for WindowsStandalone target not found
Native extension for OSXStandalone target not found
Refreshing native plugins compatible for Editor in 0.51 ms, found 3 plugins.
Preloading 0 native plugins for Editor in 0.00 ms.
Mono: successfully reloaded assembly
- Completed reload, in  1.307 seconds
Platform modules already initialized, skipping
Refreshing native plugins compatible for Editor in 0.48 ms, found 3 plugins.
Preloading 0 native plugins for Editor in 0.00 ms.
Unloading 2079 Unused Serialized files (Serialized files now loaded: 0)
System memory in use before: 177.7 MB.
System memory in use after: 177.7 MB.

Unloading 21 unused Assets to reduce memory usage. Loaded Objects now: 2597.
Total: 2.232434 ms (FindLiveObjects: 0.204878 ms CreateObjectMapping: 0.074525 ms MarkObjects: 1.836097 ms  DeleteObjects: 0.116053 ms)

========================================================================
Received Prepare
Registering precompiled user dll's ...
Registered in 0.006472 seconds.
Begin MonoManager ReloadAssembly
Native extension for WindowsStandalone target not found
Native extension for OSXStandalone target not found
Refreshing native plugins compatible for Editor in 0.49 ms, found 3 plugins.
Preloading 0 native plugins for Editor in 0.00 ms.
Mono: successfully reloaded assembly
- Completed reload, in  1.596 seconds
Platform modules already initialized, skipping
Refreshing native plugins compatible for Editor in 0.49 ms, found 3 plugins.
Preloading 0 native plugins for Editor in 0.00 ms.
Unloading 2079 Unused Serialized files (Serialized files now loaded: 0)
System memory in use before: 177.9 MB.
System memory in use after: 177.9 MB.

Unloading 21 unused Assets to reduce memory usage. Loaded Objects now: 2601.
Total: 2.453890 ms (FindLiveObjects: 0.253518 ms CreateObjectMapping: 0.120879 ms MarkObjects: 1.946020 ms  DeleteObjects: 0.132492 ms)

========================================================================
Received Prepare
Registering precompiled user dll's ...
Registered in 0.012672 seconds.
Begin MonoManager ReloadAssembly
Native extension for WindowsStandalone target not found
Native extension for OSXStandalone target not found
Refreshing native plugins compatible for Editor in 0.72 ms, found 3 plugins.
Preloading 0 native plugins for Editor in 0.00 ms.
Mono: successfully reloaded assembly
- Completed reload, in  1.606 seconds
Platform modules already initialized, skipping
Refreshing native plugins compatible for Editor in 0.44 ms, found 3 plugins.
Preloading 0 native plugins for Editor in 0.00 ms.
Unloading 2079 Unused Serialized files (Serialized files now loaded: 0)
System memory in use before: 178.1 MB.
System memory in use after: 178.1 MB.

Unloading 21 unused Assets to reduce memory usage. Loaded Objects now: 2605.
Total: 2.646850 ms (FindLiveObjects: 0.222987 ms CreateObjectMapping: 0.081910 ms MarkObjects: 2.224325 ms  DeleteObjects: 0.116445 ms)

========================================================================
Received Prepare
Registering precompiled user dll's ...
Registered in 0.002072 seconds.
Begin MonoManager ReloadAssembly
Native extension for WindowsStandalone target not found
Native extension for OSXStandalone target not found
Refreshing native plugins compatible for Editor in 0.50 ms, found 3 plugins.
Preloading 0 native plugins for Editor in 0.00 ms.
Mono: successfully reloaded assembly
- Completed reload, in  1.391 seconds
Platform modules already initialized, skipping
Refreshing native plugins compatible for Editor in 0.50 ms, found 3 plugins.
Preloading 0 native plugins for Editor in 0.00 ms.
Unloading 2079 Unused Serialized files (Serialized files now loaded: 0)
System memory in use before: 178.3 MB.
System memory in use after: 178.3 MB.

Unloading 21 unused Assets to reduce memory usage. Loaded Objects now: 2609.
Total: 2.972482 ms (FindLiveObjects: 0.244944 ms CreateObjectMapping: 0.118960 ms MarkObjects: 2.455488 ms  DeleteObjects: 0.151882 ms)

========================================================================
Received Prepare
Registering precompiled user dll's ...
Registered in 0.006471 seconds.
Begin MonoManager ReloadAssembly
Native extension for WindowsStandalone target not found
Native extension for OSXStandalone target not found
Refreshing native plugins compatible for Editor in 0.49 ms, found 3 plugins.
Preloading 0 native plugins for Editor in 0.00 ms.
Mono: successfully reloaded assembly
- Completed reload, in  1.373 seconds
Platform modules already initialized, skipping
Refreshing native plugins compatible for Editor in 0.48 ms, found 3 plugins.
Preloading 0 native plugins for Editor in 0.00 ms.
Unloading 2079 Unused Serialized files (Serialized files now loaded: 0)
System memory in use before: 178.5 MB.
System memory in use after: 178.5 MB.

Unloading 21 unused Assets to reduce memory usage. Loaded Objects now: 2613.
Total: 2.222782 ms (FindLiveObjects: 0.208148 ms CreateObjectMapping: 0.072985 ms MarkObjects: 1.841301 ms  DeleteObjects: 0.099542 ms)

========================================================================
Received Prepare
Registering precompiled user dll's ...
Registered in 0.014912 seconds.
Begin MonoManager ReloadAssembly
Native extension for WindowsStandalone target not found
Native extension for OSXStandalone target not found
Refreshing native plugins compatible for Editor in 0.57 ms, found 3 plugins.
Preloading 0 native plugins for Editor in 0.00 ms.
Mono: successfully reloaded assembly
- Completed reload, in  1.734 seconds
Platform modules already initialized, skipping
Refreshing native plugins compatible for Editor in 0.65 ms, found 3 plugins.
Preloading 0 native plugins for Editor in 0.00 ms.
Unloading 2079 Unused Serialized files (Serialized files now loaded: 0)
System memory in use before: 178.7 MB.
System memory in use after: 178.7 MB.

Unloading 21 unused Assets to reduce memory usage. Loaded Objects now: 2617.
Total: 2.442035 ms (FindLiveObjects: 0.279467 ms CreateObjectMapping: 0.082346 ms MarkObjects: 1.936327 ms  DeleteObjects: 0.143146 ms)

========================================================================
Received Prepare
Registering precompiled user dll's ...
Registered in 0.002750 seconds.
Begin MonoManager ReloadAssembly
Native extension for WindowsStandalone target not found
Native extension for OSXStandalone target not found
Refreshing native plugins compatible for Editor in 0.50 ms, found 3 plugins.
Preloading 0 native plugins for Editor in 0.00 ms.
Mono: successfully reloaded assembly
- Completed reload, in  1.365 seconds
Platform modules already initialized, skipping
Refreshing native plugins compatible for Editor in 0.41 ms, found 3 plugins.
Preloading 0 native plugins for Editor in 0.00 ms.
Unloading 2079 Unused Serialized files (Serialized files now loaded: 0)
System memory in use before: 178.9 MB.
System memory in use after: 178.9 MB.

Unloading 21 unused Assets to reduce memory usage. Loaded Objects now: 2621.
Total: 2.882932 ms (FindLiveObjects: 0.254821 ms CreateObjectMapping: 0.079990 ms MarkObjects: 2.415397 ms  DeleteObjects: 0.131723 ms)

========================================================================
Received Prepare
Registering precompiled user dll's ...
Registered in 0.003040 seconds.
Begin MonoManager ReloadAssembly
Native extension for WindowsStandalone target not found
Native extension for OSXStandalone target not found
Refreshing native plugins compatible for Editor in 0.70 ms, found 3 plugins.
Preloading 0 native plugins for Editor in 0.00 ms.
Mono: successfully reloaded assembly
- Completed reload, in  1.682 seconds
Platform modules already initialized, skipping
Refreshing native plugins compatible for Editor in 0.51 ms, found 3 plugins.
Preloading 0 native plugins for Editor in 0.00 ms.
Unloading 2079 Unused Serialized files (Serialized files now loaded: 0)
System memory in use before: 179.1 MB.
System memory in use after: 179.1 MB.

Unloading 21 unused Assets to reduce memory usage. Loaded Objects now: 2625.
Total: 3.173245 ms (FindLiveObjects: 0.357199 ms CreateObjectMapping: 0.104532 ms MarkObjects: 2.589939 ms  DeleteObjects: 0.120482 ms)

========================================================================
Received Import Request.
  Time since last request: 4859.149964 seconds.
  path: Assets/Asteroid.cs
  artifactKey: Guid(0e5f0783d91204ab6bf387abdcb4e13d) Importer(815301076,1909f56bfc062723c751e8b465ee728b)
Start importing Assets/Asteroid.cs using Guid(0e5f0783d91204ab6bf387abdcb4e13d) Importer(815301076,1909f56bfc062723c751e8b465ee728b)  -> (artifact id: '300fc294aa06e976344bafabcbeddad7') in 0.053653 seconds
  Import took 0.075947 seconds .

========================================================================
Received Prepare
Registering precompiled user dll's ...
Registered in 0.005849 seconds.
Begin MonoManager ReloadAssembly
Native extension for WindowsStandalone target not found
Native extension for OSXStandalone target not found
Refreshing native plugins compatible for Editor in 0.49 ms, found 3 plugins.
Preloading 0 native plugins for Editor in 0.00 ms.
Mono: successfully reloaded assembly
- Completed reload, in  1.565 seconds
Platform modules already initialized, skipping
Refreshing native plugins compatible for Editor in 0.52 ms, found 3 plugins.
Preloading 0 native plugins for Editor in 0.00 ms.
Unloading 2080 Unused Serialized files (Serialized files now loaded: 0)
System memory in use before: 179.3 MB.
System memory in use after: 179.3 MB.

Unloading 21 unused Assets to reduce memory usage. Loaded Objects now: 2630.
Total: 2.352079 ms (FindLiveObjects: 0.220556 ms CreateObjectMapping: 0.073125 ms MarkObjects: 1.951022 ms  DeleteObjects: 0.106397 ms)

========================================================================
Received Import Request.
  Time since last request: 199.320004 seconds.
  path: Assets/Services.cs
  artifactKey: Guid(1007492eabc7b46a88a6fb7f6f7c858d) Importer(815301076,1909f56bfc062723c751e8b465ee728b)
Start importing Assets/Services.cs using Guid(1007492eabc7b46a88a6fb7f6f7c858d) Importer(815301076,1909f56bfc062723c751e8b465ee728b)  -> (artifact id: '09cb06f49f0749cf19d48966d06c0de0') in 0.009025 seconds
  Import took 0.014416 seconds .

========================================================================
Received Prepare
Registering precompiled user dll's ...
Registered in 0.005886 seconds.
Begin MonoManager ReloadAssembly
Native extension for WindowsStandalone target not found
Native extension for OSXStandalone target not found
Refreshing native plugins compatible for Editor in 0.48 ms, found 3 plugins.
Preloading 0 native plugins for Editor in 0.00 ms.
Mono: successfully reloaded assembly
- Completed reload, in  1.479 seconds
Platform modules already initialized, skipping
Refreshing native plugins compatible for Editor in 0.55 ms, found 3 plugins.
Preloading 0 native plugins for Editor in 0.00 ms.
Unloading 2081 Unused Serialized files (Serialized files now loaded: 0)
System memory in use before: 179.7 MB.
System memory in use after: 179.7 MB.

Unloading 21 unused Assets to reduce memory usage. Loaded Objects now: 2635.
Total: 2.384558 ms (FindLiveObjects: 0.235707 ms CreateObjectMapping: 0.133513 ms MarkObjects: 1.901811 ms  DeleteObjects: 0.112593 ms)

========================================================================
Received Import Request.
  Time since last request: 560.027067 seconds.
  path: Assets/Services.cs
  artifactKey: Guid(1007492eabc7b46a88a6fb7f6f7c858d) Importer(815301076,1909f56bfc062723c751e8b465ee728b)
Start importing Assets/Services.cs using Guid(1007492eabc7b46a88a6fb7f6f7c858d) Importer(815301076,1909f56bfc062723c751e8b465ee728b)  -> (artifact id: '06ddc7701e452544f3cc006b0e7b081e') in 0.069794 seconds
  Import took 0.130240 seconds .

========================================================================
Received Import Request.
  Time since last request: 0.154452 seconds.
  path: Assets/Services.cs
  artifactKey: Guid(1007492eabc7b46a88a6fb7f6f7c858d) Importer(815301076,1909f56bfc062723c751e8b465ee728b)
Start importing Assets/Services.cs using Guid(1007492eabc7b46a88a6fb7f6f7c858d) Importer(815301076,1909f56bfc062723c751e8b465ee728b)  -> (artifact id: '06ddc7701e452544f3cc006b0e7b081e') in 0.002025 seconds
  Import took 0.007510 seconds .

========================================================================
Received Import Request.
  Time since last request: 114.976059 seconds.
  path: Assets/Services.cs
  artifactKey: Guid(1007492eabc7b46a88a6fb7f6f7c858d) Importer(815301076,1909f56bfc062723c751e8b465ee728b)
Start importing Assets/Services.cs using Guid(1007492eabc7b46a88a6fb7f6f7c858d) Importer(815301076,1909f56bfc062723c751e8b465ee728b)  -> (artifact id: '6295e0fa54ff2f4955129db35c8a76a9') in 0.003744 seconds
  Import took 0.009458 seconds .

========================================================================
Received Import Request.
  Time since last request: 437.433153 seconds.
  path: Assets/Services.cs
  artifactKey: Guid(1007492eabc7b46a88a6fb7f6f7c858d) Importer(815301076,1909f56bfc062723c751e8b465ee728b)
Start importing Assets/Services.cs using Guid(1007492eabc7b46a88a6fb7f6f7c858d) Importer(815301076,1909f56bfc062723c751e8b465ee728b)  -> (artifact id: '18a8b6ab226ea14a6ae01f6bc2e7d930') in 0.002464 seconds
  Import took 0.008661 seconds .

========================================================================
Received Import Request.
  Time since last request: 429.517903 seconds.
  path: Assets/Services.cs
  artifactKey: Guid(1007492eabc7b46a88a6fb7f6f7c858d) Importer(815301076,1909f56bfc062723c751e8b465ee728b)
Start importing Assets/Services.cs using Guid(1007492eabc7b46a88a6fb7f6f7c858d) Importer(815301076,1909f56bfc062723c751e8b465ee728b)  -> (artifact id: '2601e04e859000f5b0ca4b0dc074b3e6') in 0.002610 seconds
  Import took 0.008176 seconds .

========================================================================
Received Prepare
Registering precompiled user dll's ...
Registered in 0.010464 seconds.
Begin MonoManager ReloadAssembly
Native extension for WindowsStandalone target not found
Native extension for OSXStandalone target not found
Refreshing native plugins compatible for Editor in 0.53 ms, found 3 plugins.
Preloading 0 native plugins for Editor in 0.00 ms.
Mono: successfully reloaded assembly
- Completed reload, in  1.482 seconds
Platform modules already initialized, skipping
Refreshing native plugins compatible for Editor in 0.60 ms, found 3 plugins.
Preloading 0 native plugins for Editor in 0.00 ms.
Unloading 2081 Unused Serialized files (Serialized files now loaded: 0)
System memory in use before: 179.9 MB.
System memory in use after: 179.9 MB.

Unloading 21 unused Assets to reduce memory usage. Loaded Objects now: 2639.
Total: 2.502551 ms (FindLiveObjects: 0.328318 ms CreateObjectMapping: 0.096027 ms MarkObjects: 1.954696 ms  DeleteObjects: 0.122724 ms)

========================================================================
Received Import Request.
  Time since last request: 217.478684 seconds.
  path: Assets/Services.cs
  artifactKey: Guid(1007492eabc7b46a88a6fb7f6f7c858d) Importer(815301076,1909f56bfc062723c751e8b465ee728b)
Start importing Assets/Services.cs using Guid(1007492eabc7b46a88a6fb7f6f7c858d) Importer(815301076,1909f56bfc062723c751e8b465ee728b)  -> (artifact id: 'b17a3b43e5d081b3d51589c8cb90ea30') in 0.011486 seconds
  Import took 0.018918 seconds .

========================================================================
Received Prepare
Registering precompiled user dll's ...
Registered in 0.005722 seconds.
Begin MonoManager ReloadAssembly
Native extension for WindowsStandalone target not found
Native extension for OSXStandalone target not found
Refreshing native plugins compatible for Editor in 0.48 ms, found 3 plugins.
Preloading 0 native plugins for Editor in 0.00 ms.
Mono: successfully reloaded assembly
- Completed reload, in  1.494 seconds
Platform modules already initialized, skipping
Refreshing native plugins compatible for Editor in 0.59 ms, found 3 plugins.
Preloading 0 native plugins for Editor in 0.00 ms.
Unloading 2081 Unused Serialized files (Serialized files now loaded: 0)
System memory in use before: 180.1 MB.
System memory in use after: 180.1 MB.

Unloading 21 unused Assets to reduce memory usage. Loaded Objects now: 2643.
Total: 2.462139 ms (FindLiveObjects: 0.222507 ms CreateObjectMapping: 0.077090 ms MarkObjects: 2.044670 ms  DeleteObjects: 0.116919 ms)

========================================================================
Received Import Request.
  Time since last request: 107.662821 seconds.
  path: Assets/Services.cs
  artifactKey: Guid(1007492eabc7b46a88a6fb7f6f7c858d) Importer(815301076,1909f56bfc062723c751e8b465ee728b)
Start importing Assets/Services.cs using Guid(1007492eabc7b46a88a6fb7f6f7c858d) Importer(815301076,1909f56bfc062723c751e8b465ee728b)  -> (artifact id: 'f9d40d1fd157bd44de2363b78278bdd3') in 0.006300 seconds
  Import took 0.013265 seconds .

========================================================================
Received Prepare
Registering precompiled user dll's ...
Registered in 0.005214 seconds.
Begin MonoManager ReloadAssembly
Native extension for WindowsStandalone target not found
Native extension for OSXStandalone target not found
Refreshing native plugins compatible for Editor in 1.12 ms, found 3 plugins.
Preloading 0 native plugins for Editor in 0.00 ms.
Mono: successfully reloaded assembly
- Completed reload, in  2.280 seconds
Platform modules already initialized, skipping
Refreshing native plugins compatible for Editor in 0.78 ms, found 3 plugins.
Preloading 0 native plugins for Editor in 0.00 ms.
Unloading 2081 Unused Serialized files (Serialized files now loaded: 0)
System memory in use before: 180.3 MB.
System memory in use after: 180.3 MB.

Unloading 21 unused Assets to reduce memory usage. Loaded Objects now: 2647.
Total: 3.319500 ms (FindLiveObjects: 0.400965 ms CreateObjectMapping: 0.133694 ms MarkObjects: 2.629744 ms  DeleteObjects: 0.153743 ms)

========================================================================
Received Prepare
Registering precompiled user dll's ...
Registered in 0.001903 seconds.
Begin MonoManager ReloadAssembly
Native extension for WindowsStandalone target not found
Native extension for OSXStandalone target not found
Refreshing native plugins compatible for Editor in 0.46 ms, found 3 plugins.
Preloading 0 native plugins for Editor in 0.00 ms.
Mono: successfully reloaded assembly
- Completed reload, in  1.589 seconds
Platform modules already initialized, skipping
Refreshing native plugins compatible for Editor in 0.85 ms, found 3 plugins.
Preloading 0 native plugins for Editor in 0.00 ms.
Unloading 2081 Unused Serialized files (Serialized files now loaded: 0)
System memory in use before: 180.5 MB.
System memory in use after: 180.5 MB.

Unloading 21 unused Assets to reduce memory usage. Loaded Objects now: 2651.
Total: 5.393592 ms (FindLiveObjects: 0.608585 ms CreateObjectMapping: 0.111040 ms MarkObjects: 4.262988 ms  DeleteObjects: 0.409512 ms)

========================================================================
Received Import Request.
  Time since last request: 37.769898 seconds.
  path: Assets/AsteroidSpawner.cs
  artifactKey: Guid(40598009c3e0f4cf4a4d907c5379cf0e) Importer(815301076,1909f56bfc062723c751e8b465ee728b)
Start importing Assets/AsteroidSpawner.cs using Guid(40598009c3e0f4cf4a4d907c5379cf0e) Importer(815301076,1909f56bfc062723c751e8b465ee728b)  -> (artifact id: '297f53f18d8a06d19713f7c630217ef3') in 0.008920 seconds
  Import took 0.014115 seconds .

========================================================================
Received Prepare
Registering precompiled user dll's ...
Registered in 0.003921 seconds.
Begin MonoManager ReloadAssembly
Native extension for WindowsStandalone target not found
Native extension for OSXStandalone target not found
Refreshing native plugins compatible for Editor in 0.58 ms, found 3 plugins.
Preloading 0 native plugins for Editor in 0.00 ms.
Mono: successfully reloaded assembly
- Completed reload, in  1.240 seconds
Platform modules already initialized, skipping
Refreshing native plugins compatible for Editor in 0.65 ms, found 3 plugins.
Preloading 0 native plugins for Editor in 0.00 ms.
Unloading 2082 Unused Serialized files (Serialized files now loaded: 0)
System memory in use before: 180.7 MB.
System memory in use after: 180.7 MB.

Unloading 21 unused Assets to reduce memory usage. Loaded Objects now: 2656.
Total: 2.356866 ms (FindLiveObjects: 0.225647 ms CreateObjectMapping: 0.081348 ms MarkObjects: 1.942426 ms  DeleteObjects: 0.106675 ms)

========================================================================
Received Import Request.
  Time since last request: 15.254588 seconds.
  path: Assets/AsteroidConfig.cs
  artifactKey: Guid(dfc3d1b10f1014cbfa9ae130141fef6c) Importer(815301076,1909f56bfc062723c751e8b465ee728b)
Start importing Assets/AsteroidConfig.cs using Guid(dfc3d1b10f1014cbfa9ae130141fef6c) Importer(815301076,1909f56bfc062723c751e8b465ee728b)  -> (artifact id: 'f7234efa98ba37695a22824ed136e682') in 0.014221 seconds
  Import took 0.019251 seconds .

========================================================================
Received Import Request.
  Time since last request: 0.000378 seconds.
  path: Assets/AsteroidConfig.cs
  artifactKey: Guid(dfc3d1b10f1014cbfa9ae130141fef6c) Importer(815301076,1909f56bfc062723c751e8b465ee728b)
Start importing Assets/AsteroidConfig.cs using Guid(dfc3d1b10f1014cbfa9ae130141fef6c) Importer(815301076,1909f56bfc062723c751e8b465ee728b)  -> (artifact id: 'f7234efa98ba37695a22824ed136e682') in 0.003752 seconds
  Import took 0.009448 seconds .

========================================================================
Received Prepare
Registering precompiled user dll's ...
Registered in 0.001931 seconds.
Begin MonoManager ReloadAssembly
Native extension for WindowsStandalone target not found
Native extension for OSXStandalone target not found
Refreshing native plugins compatible for Editor in 0.62 ms, found 3 plugins.
Preloading 0 native plugins for Editor in 0.00 ms.
Mono: successfully reloaded assembly
- Completed reload, in  1.460 seconds
Platform modules already initialized, skipping
Refreshing native plugins compatible for Editor in 0.42 ms, found 3 plugins.
Preloading 0 native plugins for Editor in 0.00 ms.
Unloading 2083 Unused Serialized files (Serialized files now loaded: 0)
System memory in use before: 181.0 MB.
System memory in use after: 180.9 MB.

Unloading 21 unused Assets to reduce memory usage. Loaded Objects now: 2661.
Total: 3.588159 ms (FindLiveObjects: 0.335196 ms CreateObjectMapping: 0.162345 ms MarkObjects: 2.760755 ms  DeleteObjects: 0.327725 ms)

========================================================================
Received Import Request.
  Time since last request: 14.600266 seconds.
  path: Assets/AsteroidConfig.cs
  artifactKey: Guid(dfc3d1b10f1014cbfa9ae130141fef6c) Importer(815301076,1909f56bfc062723c751e8b465ee728b)
Start importing Assets/AsteroidConfig.cs using Guid(dfc3d1b10f1014cbfa9ae130141fef6c) Importer(815301076,1909f56bfc062723c751e8b465ee728b)  -> (artifact id: 'cdddf90ddb0b101abdbf8395df68e70a') in 0.012221 seconds
  Import took 0.018534 seconds .

========================================================================
Received Prepare
Registering precompiled user dll's ...
Registered in 0.001894 seconds.
Begin MonoManager ReloadAssembly
Native extension for WindowsStandalone target not found
Native extension for OSXStandalone target not found
Refreshing native plugins compatible for Editor in 0.47 ms, found 3 plugins.
Preloading 0 native plugins for Editor in 0.00 ms.
Mono: successfully reloaded assembly
- Completed reload, in  1.261 seconds
Platform modules already initialized, skipping
Refreshing native plugins compatible for Editor in 0.47 ms, found 3 plugins.
Preloading 0 native plugins for Editor in 0.00 ms.
Unloading 2083 Unused Serialized files (Serialized files now loaded: 0)
System memory in use before: 181.2 MB.
System memory in use after: 181.1 MB.

Unloading 21 unused Assets to reduce memory usage. Loaded Objects now: 2665.
Total: 2.406250 ms (FindLiveObjects: 0.243433 ms CreateObjectMapping: 0.064458 ms MarkObjects: 1.990906 ms  DeleteObjects: 0.106637 ms)

========================================================================
Received Import Request.
  Time since last request: 133.653653 seconds.
  path: Assets/AsteroidSpawner.cs
  artifactKey: Guid(40598009c3e0f4cf4a4d907c5379cf0e) Importer(815301076,1909f56bfc062723c751e8b465ee728b)
Start importing Assets/AsteroidSpawner.cs using Guid(40598009c3e0f4cf4a4d907c5379cf0e) Importer(815301076,1909f56bfc062723c751e8b465ee728b)  -> (artifact id: 'd546bed9ba2611b8dfca983b46b52ffa') in 0.013551 seconds
  Import took 0.021809 seconds .

========================================================================
Received Prepare
Registering precompiled user dll's ...
Registered in 0.001906 seconds.
Begin MonoManager ReloadAssembly
Native extension for WindowsStandalone target not found
Native extension for OSXStandalone target not found
Refreshing native plugins compatible for Editor in 0.48 ms, found 3 plugins.
Preloading 0 native plugins for Editor in 0.00 ms.
Mono: successfully reloaded assembly
- Completed reload, in  1.265 seconds
Platform modules already initialized, skipping
Refreshing native plugins compatible for Editor in 0.47 ms, found 3 plugins.
Preloading 0 native plugins for Editor in 0.00 ms.
Unloading 2083 Unused Serialized files (Serialized files now loaded: 0)
System memory in use before: 181.3 MB.
System memory in use after: 181.3 MB.

Unloading 21 unused Assets to reduce memory usage. Loaded Objects now: 2669.
Total: 2.589182 ms (FindLiveObjects: 0.265807 ms CreateObjectMapping: 0.110051 ms MarkObjects: 2.089676 ms  DeleteObjects: 0.122392 ms)

========================================================================
Received Import Request.
  Time since last request: 2131.635889 seconds.
  path: Assets/AsteroidSpawner.cs
  artifactKey: Guid(40598009c3e0f4cf4a4d907c5379cf0e) Importer(815301076,1909f56bfc062723c751e8b465ee728b)
Start importing Assets/AsteroidSpawner.cs using Guid(40598009c3e0f4cf4a4d907c5379cf0e) Importer(815301076,1909f56bfc062723c751e8b465ee728b)  -> (artifact id: '6d6c81607105409cf68836f1acad0f61') in 0.080367 seconds
  Import took 0.156955 seconds .

========================================================================
Received Import Request.
  Time since last request: 0.095568 seconds.
  path: Assets/AsteroidSpawner.cs
  artifactKey: Guid(40598009c3e0f4cf4a4d907c5379cf0e) Importer(815301076,1909f56bfc062723c751e8b465ee728b)
Start importing Assets/AsteroidSpawner.cs using Guid(40598009c3e0f4cf4a4d907c5379cf0e) Importer(815301076,1909f56bfc062723c751e8b465ee728b)  -> (artifact id: '6d6c81607105409cf68836f1acad0f61') in 0.002227 seconds
  Import took 0.007556 seconds .

========================================================================
Received Prepare
Registering precompiled user dll's ...
Registered in 0.003891 seconds.
Begin MonoManager ReloadAssembly
Native extension for WindowsStandalone target not found
Native extension for OSXStandalone target not found
Refreshing native plugins compatible for Editor in 0.49 ms, found 3 plugins.
Preloading 0 native plugins for Editor in 0.00 ms.
Mono: successfully reloaded assembly
- Completed reload, in  1.763 seconds
Platform modules already initialized, skipping
Refreshing native plugins compatible for Editor in 0.65 ms, found 3 plugins.
Preloading 0 native plugins for Editor in 0.00 ms.
Unloading 2083 Unused Serialized files (Serialized files now loaded: 0)
System memory in use before: 181.6 MB.
System memory in use after: 181.6 MB.

Unloading 21 unused Assets to reduce memory usage. Loaded Objects now: 2673.
Total: 3.148572 ms (FindLiveObjects: 0.457244 ms CreateObjectMapping: 0.116257 ms MarkObjects: 2.431338 ms  DeleteObjects: 0.142266 ms)

========================================================================
Received Import Request.
  Time since last request: 17.657827 seconds.
  path: Assets/AsteroidSpawner.cs
  artifactKey: Guid(40598009c3e0f4cf4a4d907c5379cf0e) Importer(815301076,1909f56bfc062723c751e8b465ee728b)
Start importing Assets/AsteroidSpawner.cs using Guid(40598009c3e0f4cf4a4d907c5379cf0e) Importer(815301076,1909f56bfc062723c751e8b465ee728b)  -> (artifact id: 'ea8a593cfed5704e243e1d206e3ed3ff') in 0.011800 seconds
  Import took 0.017902 seconds .

========================================================================
Received Prepare
Registering precompiled user dll's ...
Registered in 0.006030 seconds.
Begin MonoManager ReloadAssembly
Native extension for WindowsStandalone target not found
Native extension for OSXStandalone target not found
Refreshing native plugins compatible for Editor in 0.49 ms, found 3 plugins.
Preloading 0 native plugins for Editor in 0.00 ms.
Mono: successfully reloaded assembly
- Completed reload, in  1.626 seconds
Platform modules already initialized, skipping
Refreshing native plugins compatible for Editor in 0.68 ms, found 3 plugins.
Preloading 0 native plugins for Editor in 0.00 ms.
Unloading 2083 Unused Serialized files (Serialized files now loaded: 0)
System memory in use before: 181.8 MB.
System memory in use after: 181.8 MB.

Unloading 21 unused Assets to reduce memory usage. Loaded Objects now: 2677.
Total: 3.668281 ms (FindLiveObjects: 0.243953 ms CreateObjectMapping: 0.099242 ms MarkObjects: 3.175250 ms  DeleteObjects: 0.148455 ms)

========================================================================
Received Import Request.
  Time since last request: 146.001540 seconds.
  path: Assets/AsteroidSpawner.cs
  artifactKey: Guid(40598009c3e0f4cf4a4d907c5379cf0e) Importer(815301076,1909f56bfc062723c751e8b465ee728b)
Start importing Assets/AsteroidSpawner.cs using Guid(40598009c3e0f4cf4a4d907c5379cf0e) Importer(815301076,1909f56bfc062723c751e8b465ee728b)  -> (artifact id: '8d030a6483b50cc262ff5ced2a4bf2bb') in 0.006005 seconds
  Import took 0.011678 seconds .

========================================================================
Received Import Request.
  Time since last request: 109.111380 seconds.
  path: Assets/AsteroidSpawner.cs
  artifactKey: Guid(40598009c3e0f4cf4a4d907c5379cf0e) Importer(815301076,1909f56bfc062723c751e8b465ee728b)
Start importing Assets/AsteroidSpawner.cs using Guid(40598009c3e0f4cf4a4d907c5379cf0e) Importer(815301076,1909f56bfc062723c751e8b465ee728b)  -> (artifact id: 'bab95a743b11af9a13f61b8c345605c0') in 0.002361 seconds
  Import took 0.007475 seconds .

========================================================================
Received Prepare
Registering precompiled user dll's ...
Registered in 0.005554 seconds.
Begin MonoManager ReloadAssembly
Native extension for WindowsStandalone target not found
Native extension for OSXStandalone target not found
Refreshing native plugins compatible for Editor in 0.78 ms, found 3 plugins.
Preloading 0 native plugins for Editor in 0.00 ms.
Mono: successfully reloaded assembly
- Completed reload, in  1.372 seconds
Platform modules already initialized, skipping
Refreshing native plugins compatible for Editor in 0.49 ms, found 3 plugins.
Preloading 0 native plugins for Editor in 0.00 ms.
Unloading 2083 Unused Serialized files (Serialized files now loaded: 0)
System memory in use before: 182.0 MB.
System memory in use after: 182.0 MB.

Unloading 21 unused Assets to reduce memory usage. Loaded Objects now: 2681.
Total: 2.423328 ms (FindLiveObjects: 0.234534 ms CreateObjectMapping: 0.085451 ms MarkObjects: 1.992453 ms  DeleteObjects: 0.109940 ms)

========================================================================
Received Prepare
Registering precompiled user dll's ...
Registered in 0.001921 seconds.
Begin MonoManager ReloadAssembly
Native extension for WindowsStandalone target not found
Native extension for OSXStandalone target not found
Refreshing native plugins compatible for Editor in 0.46 ms, found 3 plugins.
Preloading 0 native plugins for Editor in 0.00 ms.
Mono: successfully reloaded assembly
- Completed reload, in  1.275 seconds
Platform modules already initialized, skipping
Refreshing native plugins compatible for Editor in 0.47 ms, found 3 plugins.
Preloading 0 native plugins for Editor in 0.00 ms.
Unloading 2083 Unused Serialized files (Serialized files now loaded: 0)
System memory in use before: 182.2 MB.
System memory in use after: 182.1 MB.

Unloading 21 unused Assets to reduce memory usage. Loaded Objects now: 2685.
Total: 2.578672 ms (FindLiveObjects: 0.236585 ms CreateObjectMapping: 0.082005 ms MarkObjects: 2.129516 ms  DeleteObjects: 0.129566 ms)

========================================================================
Received Import Request.
  Time since last request: 25.250190 seconds.
  path: Assets/AsteroidSpawner.cs
  artifactKey: Guid(40598009c3e0f4cf4a4d907c5379cf0e) Importer(815301076,1909f56bfc062723c751e8b465ee728b)
Start importing Assets/AsteroidSpawner.cs using Guid(40598009c3e0f4cf4a4d907c5379cf0e) Importer(815301076,1909f56bfc062723c751e8b465ee728b)  -> (artifact id: '27661938d1c7697cce57f30c24c42cb4') in 0.007071 seconds
  Import took 0.013052 seconds .

========================================================================
Received Prepare
Registering precompiled user dll's ...
Registered in 0.003875 seconds.
Begin MonoManager ReloadAssembly
Native extension for WindowsStandalone target not found
Native extension for OSXStandalone target not found
Refreshing native plugins compatible for Editor in 0.50 ms, found 3 plugins.
Preloading 0 native plugins for Editor in 0.00 ms.
Mono: successfully reloaded assembly
- Completed reload, in  1.239 seconds
Platform modules already initialized, skipping
Refreshing native plugins compatible for Editor in 0.82 ms, found 3 plugins.
Preloading 0 native plugins for Editor in 0.00 ms.
Unloading 2083 Unused Serialized files (Serialized files now loaded: 0)
System memory in use before: 182.4 MB.
System memory in use after: 182.3 MB.

Unloading 21 unused Assets to reduce memory usage. Loaded Objects now: 2689.
Total: 2.791162 ms (FindLiveObjects: 0.325361 ms CreateObjectMapping: 0.120013 ms MarkObjects: 2.150536 ms  DeleteObjects: 0.194212 ms)

========================================================================
Received Import Request.
  Time since last request: 25.870214 seconds.
  path: Assets/AsteroidSpawner.cs
  artifactKey: Guid(40598009c3e0f4cf4a4d907c5379cf0e) Importer(815301076,1909f56bfc062723c751e8b465ee728b)
Start importing Assets/AsteroidSpawner.cs using Guid(40598009c3e0f4cf4a4d907c5379cf0e) Importer(815301076,1909f56bfc062723c751e8b465ee728b)  -> (artifact id: '93a923c690a22e99285985cac70cab50') in 0.007078 seconds
  Import took 0.013796 seconds .

========================================================================
Received Prepare
Registering precompiled user dll's ...
Registered in 0.001884 seconds.
Begin MonoManager ReloadAssembly
Native extension for WindowsStandalone target not found
Native extension for OSXStandalone target not found
Refreshing native plugins compatible for Editor in 0.69 ms, found 3 plugins.
Preloading 0 native plugins for Editor in 0.00 ms.
Mono: successfully reloaded assembly
- Completed reload, in  1.288 seconds
Platform modules already initialized, skipping
Refreshing native plugins compatible for Editor in 0.46 ms, found 3 plugins.
Preloading 0 native plugins for Editor in 0.00 ms.
Unloading 2083 Unused Serialized files (Serialized files now loaded: 0)
System memory in use before: 182.6 MB.
System memory in use after: 182.5 MB.

Unloading 21 unused Assets to reduce memory usage. Loaded Objects now: 2693.
Total: 2.722908 ms (FindLiveObjects: 0.245866 ms CreateObjectMapping: 0.090525 ms MarkObjects: 2.264197 ms  DeleteObjects: 0.120775 ms)

========================================================================
Received Prepare
Registering precompiled user dll's ...
Registered in 0.006311 seconds.
Begin MonoManager ReloadAssembly
Native extension for WindowsStandalone target not found
Native extension for OSXStandalone target not found
Refreshing native plugins compatible for Editor in 0.51 ms, found 3 plugins.
Preloading 0 native plugins for Editor in 0.00 ms.
Mono: successfully reloaded assembly
- Completed reload, in  1.753 seconds
Platform modules already initialized, skipping
Refreshing native plugins compatible for Editor in 0.60 ms, found 3 plugins.
Preloading 0 native plugins for Editor in 0.00 ms.
Unloading 2083 Unused Serialized files (Serialized files now loaded: 0)
System memory in use before: 182.7 MB.
System memory in use after: 182.7 MB.

Unloading 21 unused Assets to reduce memory usage. Loaded Objects now: 2697.
Total: 2.549751 ms (FindLiveObjects: 0.242528 ms CreateObjectMapping: 0.091610 ms MarkObjects: 2.093405 ms  DeleteObjects: 0.121197 ms)

========================================================================
Received Prepare
Registering precompiled user dll's ...
Registered in 0.005758 seconds.
Begin MonoManager ReloadAssembly
Native extension for WindowsStandalone target not found
Native extension for OSXStandalone target not found
Refreshing native plugins compatible for Editor in 0.46 ms, found 3 plugins.
Preloading 0 native plugins for Editor in 0.00 ms.
Mono: successfully reloaded assembly
- Completed reload, in  1.270 seconds
Platform modules already initialized, skipping
Refreshing native plugins compatible for Editor in 0.53 ms, found 3 plugins.
Preloading 0 native plugins for Editor in 0.00 ms.
Unloading 2083 Unused Serialized files (Serialized files now loaded: 0)
System memory in use before: 182.9 MB.
System memory in use after: 182.9 MB.

Unloading 21 unused Assets to reduce memory usage. Loaded Objects now: 2701.
Total: 2.761436 ms (FindLiveObjects: 0.238564 ms CreateObjectMapping: 0.083692 ms MarkObjects: 2.311303 ms  DeleteObjects: 0.126695 ms)

========================================================================
Received Prepare
Registering precompiled user dll's ...
Registered in 0.001955 seconds.
Begin MonoManager ReloadAssembly
Native extension for WindowsStandalone target not found
Native extension for OSXStandalone target not found
Refreshing native plugins compatible for Editor in 1.17 ms, found 3 plugins.
Preloading 0 native plugins for Editor in 0.00 ms.
Mono: successfully reloaded assembly
- Completed reload, in  1.401 seconds
Platform modules already initialized, skipping
Refreshing native plugins compatible for Editor in 0.47 ms, found 3 plugins.
Preloading 0 native plugins for Editor in 0.00 ms.
Unloading 2083 Unused Serialized files (Serialized files now loaded: 0)
System memory in use before: 183.1 MB.
System memory in use after: 183.1 MB.

Unloading 21 unused Assets to reduce memory usage. Loaded Objects now: 2705.
Total: 2.310029 ms (FindLiveObjects: 0.237211 ms CreateObjectMapping: 0.079048 ms MarkObjects: 1.886364 ms  DeleteObjects: 0.106446 ms)

========================================================================
Received Import Request.
  Time since last request: 522.346546 seconds.
  path: Assets/AsteroidSpawner.cs
  artifactKey: Guid(40598009c3e0f4cf4a4d907c5379cf0e) Importer(815301076,1909f56bfc062723c751e8b465ee728b)
Start importing Assets/AsteroidSpawner.cs using Guid(40598009c3e0f4cf4a4d907c5379cf0e) Importer(815301076,1909f56bfc062723c751e8b465ee728b)  -> (artifact id: '44155b14b47161a95886823b32323d1f') in 0.020493 seconds
  Import took 0.025577 seconds .

========================================================================
Received Import Request.
  Time since last request: 0.075355 seconds.
  path: Assets/AsteroidSpawner.cs
  artifactKey: Guid(40598009c3e0f4cf4a4d907c5379cf0e) Importer(815301076,1909f56bfc062723c751e8b465ee728b)
Start importing Assets/AsteroidSpawner.cs using Guid(40598009c3e0f4cf4a4d907c5379cf0e) Importer(815301076,1909f56bfc062723c751e8b465ee728b)  -> (artifact id: '44155b14b47161a95886823b32323d1f') in 0.003974 seconds
  Import took 0.010610 seconds .

========================================================================
Received Prepare
Registering precompiled user dll's ...
Registered in 0.002123 seconds.
Begin MonoManager ReloadAssembly
Native extension for WindowsStandalone target not found
Native extension for OSXStandalone target not found
Refreshing native plugins compatible for Editor in 0.47 ms, found 3 plugins.
Preloading 0 native plugins for Editor in 0.00 ms.
Mono: successfully reloaded assembly
- Completed reload, in  1.298 seconds
Platform modules already initialized, skipping
Refreshing native plugins compatible for Editor in 0.47 ms, found 3 plugins.
Preloading 0 native plugins for Editor in 0.00 ms.
Unloading 2083 Unused Serialized files (Serialized files now loaded: 0)
System memory in use before: 183.4 MB.
System memory in use after: 183.4 MB.

Unloading 21 unused Assets to reduce memory usage. Loaded Objects now: 2709.
Total: 2.310984 ms (FindLiveObjects: 0.249973 ms CreateObjectMapping: 0.076935 ms MarkObjects: 1.875248 ms  DeleteObjects: 0.107810 ms)

========================================================================
Received Prepare
Registering precompiled user dll's ...
Registered in 0.005489 seconds.
Begin MonoManager ReloadAssembly
Native extension for WindowsStandalone target not found
Native extension for OSXStandalone target not found
Refreshing native plugins compatible for Editor in 0.53 ms, found 3 plugins.
Preloading 0 native plugins for Editor in 0.00 ms.
Mono: successfully reloaded assembly
- Completed reload, in  1.317 seconds
Platform modules already initialized, skipping
Refreshing native plugins compatible for Editor in 0.56 ms, found 3 plugins.
Preloading 0 native plugins for Editor in 0.00 ms.
Unloading 2083 Unused Serialized files (Serialized files now loaded: 0)
System memory in use before: 183.6 MB.
System memory in use after: 183.6 MB.

Unloading 21 unused Assets to reduce memory usage. Loaded Objects now: 2713.
Total: 2.877548 ms (FindLiveObjects: 0.265541 ms CreateObjectMapping: 0.090430 ms MarkObjects: 2.400443 ms  DeleteObjects: 0.120131 ms)

========================================================================
Received Prepare
Registering precompiled user dll's ...
Registered in 0.007234 seconds.
Begin MonoManager ReloadAssembly
Native extension for WindowsStandalone target not found
Native extension for OSXStandalone target not found
Refreshing native plugins compatible for Editor in 0.93 ms, found 3 plugins.
Preloading 0 native plugins for Editor in 0.00 ms.
Mono: successfully reloaded assembly
- Completed reload, in  1.567 seconds
Platform modules already initialized, skipping
Refreshing native plugins compatible for Editor in 0.53 ms, found 3 plugins.
Preloading 0 native plugins for Editor in 0.00 ms.
Unloading 2082 Unused Serialized files (Serialized files now loaded: 0)
System memory in use before: 183.8 MB.
System memory in use after: 183.9 MB.

Unloading 22 unused Assets to reduce memory usage. Loaded Objects now: 2716.
Total: 2.816893 ms (FindLiveObjects: 0.517603 ms CreateObjectMapping: 0.152272 ms MarkObjects: 2.029557 ms  DeleteObjects: 0.116465 ms)

========================================================================
Received Prepare
Registering precompiled user dll's ...
Registered in 0.005441 seconds.
Begin MonoManager ReloadAssembly
Native extension for WindowsStandalone target not found
Native extension for OSXStandalone target not found
Refreshing native plugins compatible for Editor in 0.48 ms, found 3 plugins.
Preloading 0 native plugins for Editor in 0.00 ms.
Mono: successfully reloaded assembly
- Completed reload, in  1.333 seconds
Platform modules already initialized, skipping
Refreshing native plugins compatible for Editor in 0.62 ms, found 3 plugins.
Preloading 0 native plugins for Editor in 0.00 ms.
Unloading 2082 Unused Serialized files (Serialized files now loaded: 0)
System memory in use before: 184.0 MB.
System memory in use after: 184.1 MB.

Unloading 21 unused Assets to reduce memory usage. Loaded Objects now: 2720.
Total: 2.865085 ms (FindLiveObjects: 0.299127 ms CreateObjectMapping: 0.101034 ms MarkObjects: 2.298794 ms  DeleteObjects: 0.164722 ms)

========================================================================
Received Prepare
Registering precompiled user dll's ...
Registered in 0.005797 seconds.
Begin MonoManager ReloadAssembly
Native extension for WindowsStandalone target not found
Native extension for OSXStandalone target not found
Refreshing native plugins compatible for Editor in 0.66 ms, found 3 plugins.
Preloading 0 native plugins for Editor in 0.00 ms.
Mono: successfully reloaded assembly
- Completed reload, in  1.271 seconds
Platform modules already initialized, skipping
Refreshing native plugins compatible for Editor in 1.02 ms, found 3 plugins.
Preloading 0 native plugins for Editor in 0.00 ms.
Unloading 2082 Unused Serialized files (Serialized files now loaded: 0)
System memory in use before: 184.2 MB.
System memory in use after: 184.3 MB.

Unloading 21 unused Assets to reduce memory usage. Loaded Objects now: 2724.
Total: 2.377822 ms (FindLiveObjects: 0.265639 ms CreateObjectMapping: 0.098854 ms MarkObjects: 1.907239 ms  DeleteObjects: 0.105220 ms)

========================================================================
Received Prepare
Registering precompiled user dll's ...
Registered in 0.005903 seconds.
Begin MonoManager ReloadAssembly
Native extension for WindowsStandalone target not found
Native extension for OSXStandalone target not found
Refreshing native plugins compatible for Editor in 0.56 ms, found 3 plugins.
Preloading 0 native plugins for Editor in 0.00 ms.
Mono: successfully reloaded assembly
- Completed reload, in  1.476 seconds
Platform modules already initialized, skipping
Refreshing native plugins compatible for Editor in 0.84 ms, found 3 plugins.
Preloading 0 native plugins for Editor in 0.00 ms.
Unloading 2082 Unused Serialized files (Serialized files now loaded: 0)
System memory in use before: 184.4 MB.
System memory in use after: 184.5 MB.

Unloading 21 unused Assets to reduce memory usage. Loaded Objects now: 2728.
Total: 2.446867 ms (FindLiveObjects: 0.266670 ms CreateObjectMapping: 0.086858 ms MarkObjects: 1.976026 ms  DeleteObjects: 0.116277 ms)

========================================================================
Received Prepare
Registering precompiled user dll's ...
Registered in 0.005611 seconds.
Begin MonoManager ReloadAssembly
Native extension for WindowsStandalone target not found
Native extension for OSXStandalone target not found
Refreshing native plugins compatible for Editor in 0.50 ms, found 3 plugins.
Preloading 0 native plugins for Editor in 0.00 ms.
Mono: successfully reloaded assembly
- Completed reload, in  1.376 seconds
Platform modules already initialized, skipping
Refreshing native plugins compatible for Editor in 0.55 ms, found 3 plugins.
Preloading 0 native plugins for Editor in 0.00 ms.
Unloading 2082 Unused Serialized files (Serialized files now loaded: 0)
System memory in use before: 184.6 MB.
System memory in use after: 184.7 MB.

Unloading 21 unused Assets to reduce memory usage. Loaded Objects now: 2732.
Total: 2.528639 ms (FindLiveObjects: 0.251406 ms CreateObjectMapping: 0.089286 ms MarkObjects: 2.069329 ms  DeleteObjects: 0.117752 ms)

========================================================================
Received Import Request.
  Time since last request: 1220.208247 seconds.
  path: Assets/Bullet.cs
  artifactKey: Guid(b5f6b82f1beae4b9eb005cb545e38ddf) Importer(815301076,1909f56bfc062723c751e8b465ee728b)
Start importing Assets/Bullet.cs using Guid(b5f6b82f1beae4b9eb005cb545e38ddf) Importer(815301076,1909f56bfc062723c751e8b465ee728b)  -> (artifact id: 'a98215a4549401255593ccd8deedf9f5') in 0.075046 seconds
  Import took 0.109407 seconds .

========================================================================
Received Prepare
Registering precompiled user dll's ...
Registered in 0.004418 seconds.
Begin MonoManager ReloadAssembly
Native extension for WindowsStandalone target not found
Native extension for OSXStandalone target not found
Refreshing native plugins compatible for Editor in 0.62 ms, found 3 plugins.
Preloading 0 native plugins for Editor in 0.00 ms.
Mono: successfully reloaded assembly
- Completed reload, in  2.251 seconds
Platform modules already initialized, skipping
Refreshing native plugins compatible for Editor in 0.57 ms, found 3 plugins.
Preloading 0 native plugins for Editor in 0.00 ms.
Unloading 2083 Unused Serialized files (Serialized files now loaded: 0)
System memory in use before: 184.9 MB.
System memory in use after: 185.0 MB.

Unloading 21 unused Assets to reduce memory usage. Loaded Objects now: 2737.
Total: 3.390023 ms (FindLiveObjects: 0.360790 ms CreateObjectMapping: 0.142596 ms MarkObjects: 2.742047 ms  DeleteObjects: 0.142745 ms)

========================================================================
Received Import Request.
  Time since last request: 318.782495 seconds.
  path: Assets/Asteroid.prefab
  artifactKey: Guid(2de6f76eda9a1466f84f3f22ca7a8ce7) Importer(815301076,1909f56bfc062723c751e8b465ee728b)
Start importing Assets/Asteroid.prefab using Guid(2de6f76eda9a1466f84f3f22ca7a8ce7) Importer(815301076,1909f56bfc062723c751e8b465ee728b)  -> (artifact id: '96a308b902a97ae61b262042e5c439df') in 1.436839 seconds
  Import took 1.463657 seconds .

========================================================================
Received Prepare
Registering precompiled user dll's ...
Registered in 0.006044 seconds.
Begin MonoManager ReloadAssembly
Native extension for WindowsStandalone target not found
Native extension for OSXStandalone target not found
Refreshing native plugins compatible for Editor in 0.83 ms, found 3 plugins.
Preloading 0 native plugins for Editor in 0.00 ms.
Mono: successfully reloaded assembly
- Completed reload, in  1.470 seconds
Platform modules already initialized, skipping
Refreshing native plugins compatible for Editor in 0.51 ms, found 3 plugins.
Preloading 0 native plugins for Editor in 0.00 ms.
Unloading 2083 Unused Serialized files (Serialized files now loaded: 0)
System memory in use before: 192.7 MB.
System memory in use after: 192.8 MB.

Unloading 21 unused Assets to reduce memory usage. Loaded Objects now: 2748.
Total: 2.602426 ms (FindLiveObjects: 0.302308 ms CreateObjectMapping: 0.086797 ms MarkObjects: 2.086647 ms  DeleteObjects: 0.125629 ms)

========================================================================
Received Prepare
Registering precompiled user dll's ...
Registered in 0.005782 seconds.
Begin MonoManager ReloadAssembly
Native extension for WindowsStandalone target not found
Native extension for OSXStandalone target not found
Refreshing native plugins compatible for Editor in 0.46 ms, found 3 plugins.
Preloading 0 native plugins for Editor in 0.00 ms.
Mono: successfully reloaded assembly
- Completed reload, in  1.263 seconds
Platform modules already initialized, skipping
Refreshing native plugins compatible for Editor in 0.58 ms, found 3 plugins.
Preloading 0 native plugins for Editor in 0.00 ms.
Unloading 2083 Unused Serialized files (Serialized files now loaded: 0)
System memory in use before: 192.9 MB.
System memory in use after: 193.0 MB.

Unloading 21 unused Assets to reduce memory usage. Loaded Objects now: 2752.
Total: 2.459209 ms (FindLiveObjects: 0.287977 ms CreateObjectMapping: 0.107290 ms MarkObjects: 1.925523 ms  DeleteObjects: 0.137490 ms)

========================================================================
Received Import Request.
  Time since last request: 897.283148 seconds.
  path: Assets/LevelManager.cs
  artifactKey: Guid(0acda9f2a4c3840bda38b53d293c30c6) Importer(815301076,1909f56bfc062723c751e8b465ee728b)
Start importing Assets/LevelManager.cs using Guid(0acda9f2a4c3840bda38b53d293c30c6) Importer(815301076,1909f56bfc062723c751e8b465ee728b)  -> (artifact id: '4cf46efcdb8c10411700e71b3ad148f2') in 0.073715 seconds
  Import took 0.107828 seconds .

========================================================================
Received Prepare
Registering precompiled user dll's ...
Registered in 0.005451 seconds.
Begin MonoManager ReloadAssembly
Native extension for WindowsStandalone target not found
Native extension for OSXStandalone target not found
Refreshing native plugins compatible for Editor in 0.67 ms, found 3 plugins.
Preloading 0 native plugins for Editor in 0.00 ms.
Mono: successfully reloaded assembly
- Completed reload, in  1.392 seconds
Platform modules already initialized, skipping
Refreshing native plugins compatible for Editor in 0.62 ms, found 3 plugins.
Preloading 0 native plugins for Editor in 0.00 ms.
Unloading 2084 Unused Serialized files (Serialized files now loaded: 0)
System memory in use before: 193.1 MB.
System memory in use after: 193.2 MB.

Unloading 21 unused Assets to reduce memory usage. Loaded Objects now: 2757.
Total: 2.666521 ms (FindLiveObjects: 0.344307 ms CreateObjectMapping: 0.106966 ms MarkObjects: 2.063503 ms  DeleteObjects: 0.150318 ms)

========================================================================
Received Prepare
Registering precompiled user dll's ...
Registered in 0.008363 seconds.
Begin MonoManager ReloadAssembly
Native extension for WindowsStandalone target not found
Native extension for OSXStandalone target not found
Refreshing native plugins compatible for Editor in 0.50 ms, found 3 plugins.
Preloading 0 native plugins for Editor in 0.00 ms.
Mono: successfully reloaded assembly
- Completed reload, in  1.324 seconds
Platform modules already initialized, skipping
Refreshing native plugins compatible for Editor in 0.49 ms, found 3 plugins.
Preloading 0 native plugins for Editor in 0.00 ms.
Unloading 2084 Unused Serialized files (Serialized files now loaded: 0)
System memory in use before: 193.3 MB.
System memory in use after: 193.4 MB.

Unloading 21 unused Assets to reduce memory usage. Loaded Objects now: 2761.
Total: 2.440725 ms (FindLiveObjects: 0.280125 ms CreateObjectMapping: 0.092205 ms MarkObjects: 1.947744 ms  DeleteObjects: 0.119652 ms)

========================================================================
Received Import Request.
  Time since last request: 88.267266 seconds.
  path: Assets/LevelManager.cs
  artifactKey: Guid(0acda9f2a4c3840bda38b53d293c30c6) Importer(815301076,1909f56bfc062723c751e8b465ee728b)
Start importing Assets/LevelManager.cs using Guid(0acda9f2a4c3840bda38b53d293c30c6) Importer(815301076,1909f56bfc062723c751e8b465ee728b)  -> (artifact id: '883b68f004945f2c57607619e4cba6ad') in 0.004986 seconds
  Import took 0.010382 seconds .

========================================================================
Received Prepare
Registering precompiled user dll's ...
Registered in 0.003928 seconds.
Begin MonoManager ReloadAssembly
Native extension for WindowsStandalone target not found
Native extension for OSXStandalone target not found
Refreshing native plugins compatible for Editor in 0.48 ms, found 3 plugins.
Preloading 0 native plugins for Editor in 0.00 ms.
Mono: successfully reloaded assembly
- Completed reload, in  1.470 seconds
Platform modules already initialized, skipping
Refreshing native plugins compatible for Editor in 0.57 ms, found 3 plugins.
Preloading 0 native plugins for Editor in 0.00 ms.
Unloading 2084 Unused Serialized files (Serialized files now loaded: 0)
System memory in use before: 193.5 MB.
System memory in use after: 193.6 MB.

Unloading 21 unused Assets to reduce memory usage. Loaded Objects now: 2765.
Total: 2.714693 ms (FindLiveObjects: 0.344448 ms CreateObjectMapping: 0.104176 ms MarkObjects: 2.133076 ms  DeleteObjects: 0.131984 ms)

========================================================================
Received Import Request.
  Time since last request: 6196.418937 seconds.
  path: Assets/LevelManager.cs
  artifactKey: Guid(0acda9f2a4c3840bda38b53d293c30c6) Importer(815301076,1909f56bfc062723c751e8b465ee728b)
Start importing Assets/LevelManager.cs using Guid(0acda9f2a4c3840bda38b53d293c30c6) Importer(815301076,1909f56bfc062723c751e8b465ee728b)  -> (artifact id: '5af7ac94705746bda5ac15ebaa1410a3') in 0.012736 seconds
  Import took 0.017470 seconds .

========================================================================
Received Import Request.
  Time since last request: 51.099303 seconds.
  path: Assets/Bullet.prefab
  artifactKey: Guid(fb1035a4068d1460c9721538df07d632) Importer(815301076,1909f56bfc062723c751e8b465ee728b)
Start importing Assets/Bullet.prefab using Guid(fb1035a4068d1460c9721538df07d632) Importer(815301076,1909f56bfc062723c751e8b465ee728b)  -> (artifact id: 'd8018d261b26cb8efebe8bb639498dea') in 0.083757 seconds
  Import took 0.088574 seconds .

========================================================================
Received Prepare
Registering precompiled user dll's ...
Registered in 0.006450 seconds.
Begin MonoManager ReloadAssembly
Native extension for WindowsStandalone target not found
Native extension for OSXStandalone target not found
Refreshing native plugins compatible for Editor in 0.49 ms, found 3 plugins.
Preloading 0 native plugins for Editor in 0.00 ms.
Mono: successfully reloaded assembly
- Completed reload, in  1.397 seconds
Platform modules already initialized, skipping
Refreshing native plugins compatible for Editor in 0.77 ms, found 3 plugins.
Preloading 0 native plugins for Editor in 0.00 ms.
Unloading 2084 Unused Serialized files (Serialized files now loaded: 0)
System memory in use before: 193.7 MB.
System memory in use after: 193.8 MB.

Unloading 21 unused Assets to reduce memory usage. Loaded Objects now: 2770.
Total: 3.491175 ms (FindLiveObjects: 0.377576 ms CreateObjectMapping: 0.116868 ms MarkObjects: 2.811038 ms  DeleteObjects: 0.184065 ms)

